[2026-04-10T17:27:27.996Z] [INFO] Scheduled task: Full anatomy rescan (0 */6 * * *)
[2026-04-10T17:27:27.997Z] [INFO] Scheduled task: Consolidate old memory (0 2 * * *)
[2026-04-10T17:27:27.997Z] [INFO] Scheduled task: Token audit report (0 0 * * 1)
[2026-04-10T17:27:27.998Z] [INFO] Scheduled task: Cerebrum reflection (0 3 * * 0)
[2026-04-10T17:27:27.998Z] [INFO] Scheduled task: AI suggestions (0 4 * * 1)
[2026-04-10T17:27:27.999Z] [INFO] File watcher started on .wolf/
[2026-04-10T17:27:28.000Z] [INFO] OpenWolf daemon started
[2026-04-10T17:27:28.001Z] [INFO] Dashboard server listening on port 18791
[2026-04-10T17:27:28.195Z] [INFO] Scheduled task: Full anatomy rescan (0 */6 * * *)
[2026-04-10T17:27:28.196Z] [INFO] Scheduled task: Consolidate old memory (0 2 * * *)
[2026-04-10T17:27:28.198Z] [INFO] Scheduled task: Token audit report (0 0 * * 1)
[2026-04-10T17:27:28.199Z] [INFO] Scheduled task: Cerebrum reflection (0 3 * * 0)
[2026-04-10T17:27:28.201Z] [INFO] Scheduled task: AI suggestions (0 4 * * 1)
[2026-04-10T17:27:28.203Z] [INFO] File watcher started on .wolf/
[2026-04-10T17:27:28.206Z] [INFO] OpenWolf daemon started
[2026-04-10T17:27:28.207Z] [INFO] Dashboard server listening on port 18791
[2026-04-10T17:27:28.380Z] [INFO] Scheduled task: Full anatomy rescan (0 */6 * * *)
[2026-04-10T17:27:28.381Z] [INFO] Scheduled task: Consolidate old memory (0 2 * * *)
[2026-04-10T17:27:28.383Z] [INFO] Scheduled task: Token audit report (0 0 * * 1)
[2026-04-10T17:27:28.384Z] [INFO] Scheduled task: Cerebrum reflection (0 3 * * 0)
[2026-04-10T17:27:28.386Z] [INFO] Scheduled task: AI suggestions (0 4 * * 1)
[2026-04-10T17:27:28.388Z] [INFO] File watcher started on .wolf/
[2026-04-10T17:27:28.390Z] [INFO] OpenWolf daemon started
[2026-04-10T17:27:28.390Z] [INFO] Dashboard server listening on port 18791
[2026-04-10T17:27:28.565Z] [INFO] Scheduled task: Full anatomy rescan (0 */6 * * *)
[2026-04-10T17:27:28.566Z] [INFO] Scheduled task: Consolidate old memory (0 2 * * *)
[2026-04-10T17:27:28.569Z] [INFO] Scheduled task: Token audit report (0 0 * * 1)
[2026-04-10T17:27:28.571Z] [INFO] Scheduled task: Cerebrum reflection (0 3 * * 0)
[2026-04-10T17:27:28.572Z] [INFO] Scheduled task: AI suggestions (0 4 * * 1)
[2026-04-10T17:27:28.574Z] [INFO] File watcher started on .wolf/
[2026-04-10T17:27:28.577Z] [INFO] OpenWolf daemon started
[2026-04-10T17:27:28.578Z] [INFO] Dashboard server listening on port 18791
[2026-04-10T17:27:28.745Z] [INFO] Scheduled task: Full anatomy rescan (0 */6 * * *)
[2026-04-10T17:27:28.746Z] [INFO] Scheduled task: Consolidate old memory (0 2 * * *)
[2026-04-10T17:27:28.748Z] [INFO] Scheduled task: Token audit report (0 0 * * 1)
[2026-04-10T17:27:28.749Z] [INFO] Scheduled task: Cerebrum reflection (0 3 * * 0)
[2026-04-10T17:27:28.750Z] [INFO] Scheduled task: AI suggestions (0 4 * * 1)
[2026-04-10T17:27:28.751Z] [INFO] File watcher started on .wolf/
[2026-04-10T17:27:28.753Z] [INFO] OpenWolf daemon started
[2026-04-10T17:27:28.753Z] [INFO] Dashboard server listening on port 18791
[2026-04-10T17:27:28.917Z] [INFO] Scheduled task: Full anatomy rescan (0 */6 * * *)
[2026-04-10T17:27:28.918Z] [INFO] Scheduled task: Consolidate old memory (0 2 * * *)
[2026-04-10T17:27:28.920Z] [INFO] Scheduled task: Token audit report (0 0 * * 1)
[2026-04-10T17:27:28.922Z] [INFO] Scheduled task: Cerebrum reflection (0 3 * * 0)
[2026-04-10T17:27:28.926Z] [INFO] Scheduled task: AI suggestions (0 4 * * 1)
[2026-04-10T17:27:28.927Z] [INFO] File watcher started on .wolf/
[2026-04-10T17:27:28.930Z] [INFO] OpenWolf daemon started
[2026-04-10T17:27:28.930Z] [INFO] Dashboard server listening on port 18791
[2026-04-10T17:27:29.098Z] [INFO] Scheduled task: Full anatomy rescan (0 */6 * * *)
[2026-04-10T17:27:29.099Z] [INFO] Scheduled task: Consolidate old memory (0 2 * * *)
[2026-04-10T17:27:29.101Z] [INFO] Scheduled task: Token audit report (0 0 * * 1)
[2026-04-10T17:27:29.102Z] [INFO] Scheduled task: Cerebrum reflection (0 3 * * 0)
[2026-04-10T17:27:29.102Z] [INFO] Scheduled task: AI suggestions (0 4 * * 1)
[2026-04-10T17:27:29.104Z] [INFO] File watcher started on .wolf/
[2026-04-10T17:27:29.106Z] [INFO] OpenWolf daemon started
[2026-04-10T17:27:29.106Z] [INFO] Dashboard server listening on port 18791
[2026-04-10T17:27:29.266Z] [INFO] Scheduled task: Full anatomy rescan (0 */6 * * *)
[2026-04-10T17:27:29.267Z] [INFO] Scheduled task: Consolidate old memory (0 2 * * *)
[2026-04-10T17:27:29.269Z] [INFO] Scheduled task: Token audit report (0 0 * * 1)
[2026-04-10T17:27:29.271Z] [INFO] Scheduled task: Cerebrum reflection (0 3 * * 0)
[2026-04-10T17:27:29.272Z] [INFO] Scheduled task: AI suggestions (0 4 * * 1)
[2026-04-10T17:27:29.274Z] [INFO] File watcher started on .wolf/
[2026-04-10T17:27:29.276Z] [INFO] OpenWolf daemon started
[2026-04-10T17:27:29.277Z] [INFO] Dashboard server listening on port 18791
[2026-04-10T17:27:29.439Z] [INFO] Scheduled task: Full anatomy rescan (0 */6 * * *)
[2026-04-10T17:27:29.440Z] [INFO] Scheduled task: Consolidate old memory (0 2 * * *)
[2026-04-10T17:27:29.441Z] [INFO] Scheduled task: Token audit report (0 0 * * 1)
[2026-04-10T17:27:29.442Z] [INFO] Scheduled task: Cerebrum reflection (0 3 * * 0)
[2026-04-10T17:27:29.443Z] [INFO] Scheduled task: AI suggestions (0 4 * * 1)
[2026-04-10T17:27:29.445Z] [INFO] File watcher started on .wolf/
[2026-04-10T17:27:29.446Z] [INFO] OpenWolf daemon started
[2026-04-10T17:27:29.446Z] [INFO] Dashboard server listening on port 18791
[2026-04-10T17:27:29.605Z] [INFO] Scheduled task: Full anatomy rescan (0 */6 * * *)
[2026-04-10T17:27:29.606Z] [INFO] Scheduled task: Consolidate old memory (0 2 * * *)
[2026-04-10T17:27:29.607Z] [INFO] Scheduled task: Token audit report (0 0 * * 1)
[2026-04-10T17:27:29.608Z] [INFO] Scheduled task: Cerebrum reflection (0 3 * * 0)
[2026-04-10T17:27:29.609Z] [INFO] Scheduled task: AI suggestions (0 4 * * 1)
[2026-04-10T17:27:29.611Z] [INFO] File watcher started on .wolf/
[2026-04-10T17:27:29.612Z] [INFO] OpenWolf daemon started
[2026-04-10T17:27:29.612Z] [INFO] Dashboard server listening on port 18791
[2026-04-10T17:27:29.786Z] [INFO] Scheduled task: Full anatomy rescan (0 */6 * * *)
[2026-04-10T17:27:29.787Z] [INFO] Scheduled task: Consolidate old memory (0 2 * * *)
[2026-04-10T17:27:29.790Z] [INFO] Scheduled task: Token audit report (0 0 * * 1)
[2026-04-10T17:27:29.791Z] [INFO] Scheduled task: Cerebrum reflection (0 3 * * 0)
[2026-04-10T17:27:29.792Z] [INFO] Scheduled task: AI suggestions (0 4 * * 1)
[2026-04-10T17:27:29.794Z] [INFO] File watcher started on .wolf/
[2026-04-10T17:27:29.795Z] [INFO] OpenWolf daemon started
[2026-04-10T17:27:29.796Z] [INFO] Dashboard server listening on port 18791
[2026-04-10T17:27:29.973Z] [INFO] Scheduled task: Full anatomy rescan (0 */6 * * *)
[2026-04-10T17:27:29.974Z] [INFO] Scheduled task: Consolidate old memory (0 2 * * *)
[2026-04-10T17:27:29.976Z] [INFO] Scheduled task: Token audit report (0 0 * * 1)
[2026-04-10T17:27:29.977Z] [INFO] Scheduled task: Cerebrum reflection (0 3 * * 0)
[2026-04-10T17:27:29.978Z] [INFO] Scheduled task: AI suggestions (0 4 * * 1)
[2026-04-10T17:27:29.979Z] [INFO] File watcher started on .wolf/
[2026-04-10T17:27:29.981Z] [INFO] OpenWolf daemon started
[2026-04-10T17:27:29.982Z] [INFO] Dashboard server listening on port 18791
[2026-04-10T17:27:30.157Z] [INFO] Scheduled task: Full anatomy rescan (0 */6 * * *)
[2026-04-10T17:27:30.158Z] [INFO] Scheduled task: Consolidate old memory (0 2 * * *)
[2026-04-10T17:27:30.159Z] [INFO] Scheduled task: Token audit report (0 0 * * 1)
[2026-04-10T17:27:30.160Z] [INFO] Scheduled task: Cerebrum reflection (0 3 * * 0)
[2026-04-10T17:27:30.161Z] [INFO] Scheduled task: AI suggestions (0 4 * * 1)
[2026-04-10T17:27:30.162Z] [INFO] File watcher started on .wolf/
[2026-04-10T17:27:30.164Z] [INFO] OpenWolf daemon started
[2026-04-10T17:27:30.165Z] [INFO] Dashboard server listening on port 18791
[2026-04-10T17:27:30.339Z] [INFO] Scheduled task: Full anatomy rescan (0 */6 * * *)
[2026-04-10T17:27:30.340Z] [INFO] Scheduled task: Consolidate old memory (0 2 * * *)
[2026-04-10T17:27:30.341Z] [INFO] Scheduled task: Token audit report (0 0 * * 1)
[2026-04-10T17:27:30.343Z] [INFO] Scheduled task: Cerebrum reflection (0 3 * * 0)
[2026-04-10T17:27:30.344Z] [INFO] Scheduled task: AI suggestions (0 4 * * 1)
[2026-04-10T17:27:30.346Z] [INFO] File watcher started on .wolf/
[2026-04-10T17:27:30.348Z] [INFO] OpenWolf daemon started
[2026-04-10T17:27:30.349Z] [INFO] Dashboard server listening on port 18791
[2026-04-10T17:27:30.521Z] [INFO] Scheduled task: Full anatomy rescan (0 */6 * * *)
[2026-04-10T17:27:30.522Z] [INFO] Scheduled task: Consolidate old memory (0 2 * * *)
[2026-04-10T17:27:30.525Z] [INFO] Scheduled task: Token audit report (0 0 * * 1)
[2026-04-10T17:27:30.526Z] [INFO] Scheduled task: Cerebrum reflection (0 3 * * 0)
[2026-04-10T17:27:30.527Z] [INFO] Scheduled task: AI suggestions (0 4 * * 1)
[2026-04-10T17:27:30.528Z] [INFO] File watcher started on .wolf/
[2026-04-10T17:27:30.530Z] [INFO] OpenWolf daemon started
[2026-04-10T17:27:30.531Z] [INFO] Dashboard server listening on port 18791
[2026-04-10T17:27:30.712Z] [INFO] Scheduled task: Full anatomy rescan (0 */6 * * *)
[2026-04-10T17:27:30.713Z] [INFO] Scheduled task: Consolidate old memory (0 2 * * *)
[2026-04-10T17:27:30.715Z] [INFO] Scheduled task: Token audit report (0 0 * * 1)
[2026-04-10T17:27:30.717Z] [INFO] Scheduled task: Cerebrum reflection (0 3 * * 0)
[2026-04-10T17:27:30.718Z] [INFO] Scheduled task: AI suggestions (0 4 * * 1)
[2026-04-10T17:27:30.720Z] [INFO] File watcher started on .wolf/
[2026-04-10T17:27:30.722Z] [INFO] OpenWolf daemon started
[2026-04-10T17:27:30.723Z] [INFO] Dashboard server listening on port 18791
