[2026-04-12T12:06:47.436Z] [INFO] Scheduled task: Full anatomy rescan (0 */6 * * *)
[2026-04-12T12:06:47.437Z] [INFO] Scheduled task: Consolidate old memory (0 2 * * *)
[2026-04-12T12:06:47.438Z] [INFO] Scheduled task: Token audit report (0 0 * * 1)
[2026-04-12T12:06:47.438Z] [INFO] Scheduled task: Cerebrum reflection (0 3 * * 0)
[2026-04-12T12:06:47.439Z] [INFO] Scheduled task: AI suggestions (0 4 * * 1)
[2026-04-12T12:06:47.440Z] [INFO] File watcher started on .wolf/
[2026-04-12T12:06:47.441Z] [INFO] OpenWolf daemon started
[2026-04-12T12:06:47.442Z] [INFO] Dashboard server listening on port 18791
[2026-04-12T12:06:47.612Z] [INFO] Scheduled task: Full anatomy rescan (0 */6 * * *)
[2026-04-12T12:06:47.613Z] [INFO] Scheduled task: Consolidate old memory (0 2 * * *)
[2026-04-12T12:06:47.615Z] [INFO] Scheduled task: Token audit report (0 0 * * 1)
[2026-04-12T12:06:47.616Z] [INFO] Scheduled task: Cerebrum reflection (0 3 * * 0)
[2026-04-12T12:06:47.617Z] [INFO] Scheduled task: AI suggestions (0 4 * * 1)
[2026-04-12T12:06:47.618Z] [INFO] File watcher started on .wolf/
[2026-04-12T12:06:47.620Z] [INFO] OpenWolf daemon started
[2026-04-12T12:06:47.620Z] [INFO] Dashboard server listening on port 18791
[2026-04-12T12:06:47.787Z] [INFO] Scheduled task: Full anatomy rescan (0 */6 * * *)
[2026-04-12T12:06:47.788Z] [INFO] Scheduled task: Consolidate old memory (0 2 * * *)
[2026-04-12T12:06:47.790Z] [INFO] Scheduled task: Token audit report (0 0 * * 1)
[2026-04-12T12:06:47.790Z] [INFO] Scheduled task: Cerebrum reflection (0 3 * * 0)
[2026-04-12T12:06:47.791Z] [INFO] Scheduled task: AI suggestions (0 4 * * 1)
[2026-04-12T12:06:47.792Z] [INFO] File watcher started on .wolf/
[2026-04-12T12:06:47.793Z] [INFO] OpenWolf daemon started
[2026-04-12T12:06:47.794Z] [INFO] Dashboard server listening on port 18791
[2026-04-12T12:06:47.950Z] [INFO] Scheduled task: Full anatomy rescan (0 */6 * * *)
[2026-04-12T12:06:47.951Z] [INFO] Scheduled task: Consolidate old memory (0 2 * * *)
[2026-04-12T12:06:47.952Z] [INFO] Scheduled task: Token audit report (0 0 * * 1)
[2026-04-12T12:06:47.953Z] [INFO] Scheduled task: Cerebrum reflection (0 3 * * 0)
[2026-04-12T12:06:47.954Z] [INFO] Scheduled task: AI suggestions (0 4 * * 1)
[2026-04-12T12:06:47.955Z] [INFO] File watcher started on .wolf/
[2026-04-12T12:06:47.956Z] [INFO] OpenWolf daemon started
[2026-04-12T12:06:47.956Z] [INFO] Dashboard server listening on port 18791
[2026-04-12T12:06:48.124Z] [INFO] Scheduled task: Full anatomy rescan (0 */6 * * *)
[2026-04-12T12:06:48.125Z] [INFO] Scheduled task: Consolidate old memory (0 2 * * *)
[2026-04-12T12:06:48.127Z] [INFO] Scheduled task: Token audit report (0 0 * * 1)
[2026-04-12T12:06:48.128Z] [INFO] Scheduled task: Cerebrum reflection (0 3 * * 0)
[2026-04-12T12:06:48.128Z] [INFO] Scheduled task: AI suggestions (0 4 * * 1)
[2026-04-12T12:06:48.129Z] [INFO] File watcher started on .wolf/
[2026-04-12T12:06:48.131Z] [INFO] OpenWolf daemon started
[2026-04-12T12:06:48.131Z] [INFO] Dashboard server listening on port 18791
[2026-04-12T12:06:48.294Z] [INFO] Scheduled task: Full anatomy rescan (0 */6 * * *)
[2026-04-12T12:06:48.295Z] [INFO] Scheduled task: Consolidate old memory (0 2 * * *)
[2026-04-12T12:06:48.296Z] [INFO] Scheduled task: Token audit report (0 0 * * 1)
[2026-04-12T12:06:48.297Z] [INFO] Scheduled task: Cerebrum reflection (0 3 * * 0)
[2026-04-12T12:06:48.298Z] [INFO] Scheduled task: AI suggestions (0 4 * * 1)
[2026-04-12T12:06:48.299Z] [INFO] File watcher started on .wolf/
[2026-04-12T12:06:48.301Z] [INFO] OpenWolf daemon started
[2026-04-12T12:06:48.301Z] [INFO] Dashboard server listening on port 18791
[2026-04-12T12:06:48.470Z] [INFO] Scheduled task: Full anatomy rescan (0 */6 * * *)
[2026-04-12T12:06:48.471Z] [INFO] Scheduled task: Consolidate old memory (0 2 * * *)
[2026-04-12T12:06:48.472Z] [INFO] Scheduled task: Token audit report (0 0 * * 1)
[2026-04-12T12:06:48.473Z] [INFO] Scheduled task: Cerebrum reflection (0 3 * * 0)
[2026-04-12T12:06:48.473Z] [INFO] Scheduled task: AI suggestions (0 4 * * 1)
[2026-04-12T12:06:48.475Z] [INFO] File watcher started on .wolf/
[2026-04-12T12:06:48.476Z] [INFO] OpenWolf daemon started
[2026-04-12T12:06:48.476Z] [INFO] Dashboard server listening on port 18791
[2026-04-12T12:06:48.647Z] [INFO] Scheduled task: Full anatomy rescan (0 */6 * * *)
[2026-04-12T12:06:48.648Z] [INFO] Scheduled task: Consolidate old memory (0 2 * * *)
[2026-04-12T12:06:48.649Z] [INFO] Scheduled task: Token audit report (0 0 * * 1)
[2026-04-12T12:06:48.650Z] [INFO] Scheduled task: Cerebrum reflection (0 3 * * 0)
[2026-04-12T12:06:48.651Z] [INFO] Scheduled task: AI suggestions (0 4 * * 1)
[2026-04-12T12:06:48.652Z] [INFO] File watcher started on .wolf/
[2026-04-12T12:06:48.654Z] [INFO] OpenWolf daemon started
[2026-04-12T12:06:48.654Z] [INFO] Dashboard server listening on port 18791
[2026-04-12T12:06:48.825Z] [INFO] Scheduled task: Full anatomy rescan (0 */6 * * *)
[2026-04-12T12:06:48.826Z] [INFO] Scheduled task: Consolidate old memory (0 2 * * *)
[2026-04-12T12:06:48.828Z] [INFO] Scheduled task: Token audit report (0 0 * * 1)
[2026-04-12T12:06:48.830Z] [INFO] Scheduled task: Cerebrum reflection (0 3 * * 0)
[2026-04-12T12:06:48.831Z] [INFO] Scheduled task: AI suggestions (0 4 * * 1)
[2026-04-12T12:06:48.833Z] [INFO] File watcher started on .wolf/
[2026-04-12T12:06:48.835Z] [INFO] OpenWolf daemon started
[2026-04-12T12:06:48.836Z] [INFO] Dashboard server listening on port 18791
[2026-04-12T12:06:49.014Z] [INFO] Scheduled task: Full anatomy rescan (0 */6 * * *)
[2026-04-12T12:06:49.015Z] [INFO] Scheduled task: Consolidate old memory (0 2 * * *)
[2026-04-12T12:06:49.017Z] [INFO] Scheduled task: Token audit report (0 0 * * 1)
[2026-04-12T12:06:49.018Z] [INFO] Scheduled task: Cerebrum reflection (0 3 * * 0)
[2026-04-12T12:06:49.019Z] [INFO] Scheduled task: AI suggestions (0 4 * * 1)
[2026-04-12T12:06:49.021Z] [INFO] File watcher started on .wolf/
[2026-04-12T12:06:49.022Z] [INFO] OpenWolf daemon started
[2026-04-12T12:06:49.023Z] [INFO] Dashboard server listening on port 18791
[2026-04-12T12:06:49.194Z] [INFO] Scheduled task: Full anatomy rescan (0 */6 * * *)
[2026-04-12T12:06:49.195Z] [INFO] Scheduled task: Consolidate old memory (0 2 * * *)
[2026-04-12T12:06:49.196Z] [INFO] Scheduled task: Token audit report (0 0 * * 1)
[2026-04-12T12:06:49.197Z] [INFO] Scheduled task: Cerebrum reflection (0 3 * * 0)
[2026-04-12T12:06:49.198Z] [INFO] Scheduled task: AI suggestions (0 4 * * 1)
[2026-04-12T12:06:49.200Z] [INFO] File watcher started on .wolf/
[2026-04-12T12:06:49.202Z] [INFO] OpenWolf daemon started
[2026-04-12T12:06:49.202Z] [INFO] Dashboard server listening on port 18791
[2026-04-12T12:06:49.369Z] [INFO] Scheduled task: Full anatomy rescan (0 */6 * * *)
[2026-04-12T12:06:49.370Z] [INFO] Scheduled task: Consolidate old memory (0 2 * * *)
[2026-04-12T12:06:49.372Z] [INFO] Scheduled task: Token audit report (0 0 * * 1)
[2026-04-12T12:06:49.373Z] [INFO] Scheduled task: Cerebrum reflection (0 3 * * 0)
[2026-04-12T12:06:49.374Z] [INFO] Scheduled task: AI suggestions (0 4 * * 1)
[2026-04-12T12:06:49.375Z] [INFO] File watcher started on .wolf/
[2026-04-12T12:06:49.377Z] [INFO] OpenWolf daemon started
[2026-04-12T12:06:49.378Z] [INFO] Dashboard server listening on port 18791
[2026-04-12T12:06:49.545Z] [INFO] Scheduled task: Full anatomy rescan (0 */6 * * *)
[2026-04-12T12:06:49.546Z] [INFO] Scheduled task: Consolidate old memory (0 2 * * *)
[2026-04-12T12:06:49.548Z] [INFO] Scheduled task: Token audit report (0 0 * * 1)
[2026-04-12T12:06:49.549Z] [INFO] Scheduled task: Cerebrum reflection (0 3 * * 0)
[2026-04-12T12:06:49.550Z] [INFO] Scheduled task: AI suggestions (0 4 * * 1)
[2026-04-12T12:06:49.551Z] [INFO] File watcher started on .wolf/
[2026-04-12T12:06:49.554Z] [INFO] OpenWolf daemon started
[2026-04-12T12:06:49.556Z] [INFO] Dashboard server listening on port 18791
[2026-04-12T12:06:49.720Z] [INFO] Scheduled task: Full anatomy rescan (0 */6 * * *)
[2026-04-12T12:06:49.721Z] [INFO] Scheduled task: Consolidate old memory (0 2 * * *)
[2026-04-12T12:06:49.722Z] [INFO] Scheduled task: Token audit report (0 0 * * 1)
[2026-04-12T12:06:49.723Z] [INFO] Scheduled task: Cerebrum reflection (0 3 * * 0)
[2026-04-12T12:06:49.725Z] [INFO] Scheduled task: AI suggestions (0 4 * * 1)
[2026-04-12T12:06:49.726Z] [INFO] File watcher started on .wolf/
[2026-04-12T12:06:49.727Z] [INFO] OpenWolf daemon started
[2026-04-12T12:06:49.728Z] [INFO] Dashboard server listening on port 18791
[2026-04-12T12:06:49.892Z] [INFO] Scheduled task: Full anatomy rescan (0 */6 * * *)
[2026-04-12T12:06:49.893Z] [INFO] Scheduled task: Consolidate old memory (0 2 * * *)
[2026-04-12T12:06:49.894Z] [INFO] Scheduled task: Token audit report (0 0 * * 1)
[2026-04-12T12:06:49.896Z] [INFO] Scheduled task: Cerebrum reflection (0 3 * * 0)
[2026-04-12T12:06:49.896Z] [INFO] Scheduled task: AI suggestions (0 4 * * 1)
[2026-04-12T12:06:49.898Z] [INFO] File watcher started on .wolf/
[2026-04-12T12:06:49.899Z] [INFO] OpenWolf daemon started
[2026-04-12T12:06:49.899Z] [INFO] Dashboard server listening on port 18791
[2026-04-12T12:06:50.064Z] [INFO] Scheduled task: Full anatomy rescan (0 */6 * * *)
[2026-04-12T12:06:50.065Z] [INFO] Scheduled task: Consolidate old memory (0 2 * * *)
[2026-04-12T12:06:50.067Z] [INFO] Scheduled task: Token audit report (0 0 * * 1)
[2026-04-12T12:06:50.068Z] [INFO] Scheduled task: Cerebrum reflection (0 3 * * 0)
[2026-04-12T12:06:50.069Z] [INFO] Scheduled task: AI suggestions (0 4 * * 1)
[2026-04-12T12:06:50.070Z] [INFO] File watcher started on .wolf/
[2026-04-12T12:06:50.071Z] [INFO] OpenWolf daemon started
[2026-04-12T12:06:50.072Z] [INFO] Dashboard server listening on port 18791
